<?xml version="1.0" encoding="UTF-8"?>
<!-- Generated by org.testng.reporters.JUnitXMLReporter -->
<testsuite ignored="0" hostname="tarak" failures="1" tests="1" name="Sanity" time="21.493" errors="0" timestamp="2024-07-09T17:28:26 IST">
  <testcase classname="com.mystore.testcases.LoginPageTest" name="loginTest" time="15.672">
    <failure type="java.lang.AssertionError" message="expected [http://automationpractice.com/index.php?controller=my-account] but found [http://www.automationpractice.pl/index.php?controller=my-account]">
      <![CDATA[java.lang.AssertionError: expected [http://automationpractice.com/index.php?controller=my-account] but found [http://www.automationpractice.pl/index.php?controller=my-account]
at com.mystore.testcases.LoginPageTest.loginTest(LoginPageTest.java:50)
at java.base/java.util.ArrayList.forEach(ArrayList.java:1511)
... Removed 30 stack frames]]>
    </failure>
  </testcase> <!-- loginTest -->
</testsuite> <!-- Sanity -->
